<?xml version="1.0" encoding="UTF-8"?>
<testng-results skipped="0" failed="0" ignored="0" total="1" passed="1">
  <reporter-output>
  </reporter-output>
  <suite name="Default suite" duration-ms="17382" started-at="2022-02-09T21:04:40 CET" finished-at="2022-02-09T21:04:58 CET">
    <groups>
    </groups>
    <test name="Default test" duration-ms="17382" started-at="2022-02-09T21:04:40 CET" finished-at="2022-02-09T21:04:58 CET">
      <class name="d07_02_2022Tests.KatalonTest">
        <test-method status="PASS" signature="before()[pri:0, instance:d07_02_2022Tests.KatalonTest@371a67ec]" name="before" is-config="true" duration-ms="3674" started-at="2022-02-09T21:04:40 CET" finished-at="2022-02-09T21:04:44 CET">
          <reporter-output>
          </reporter-output>
        </test-method> <!-- before -->
        <test-method status="PASS" signature="AddRemoveProductsCart()[pri:0, instance:d07_02_2022Tests.KatalonTest@371a67ec]" name="AddRemoveProductsCart" duration-ms="13659" started-at="2022-02-09T21:04:44 CET" finished-at="2022-02-09T21:04:58 CET">
          <reporter-output>
          </reporter-output>
        </test-method> <!-- AddRemoveProductsCart -->
      </class> <!-- d07_02_2022Tests.KatalonTest -->
    </test> <!-- Default test -->
  </suite> <!-- Default suite -->
</testng-results>
