<?xml version="1.0" encoding="UTF-8"?>
<testng-results skipped="0" failed="0" ignored="0" total="1" passed="1">
  <reporter-output>
  </reporter-output>
  <suite name="Default suite" duration-ms="46477" started-at="2022-02-06T23:40:22 CET" finished-at="2022-02-06T23:41:08 CET">
    <groups>
    </groups>
    <test name="Default test" duration-ms="46477" started-at="2022-02-06T23:40:22 CET" finished-at="2022-02-06T23:41:08 CET">
      <class name="d04_02_2022.KupujemProdajem">
        <test-method status="PASS" signature="before()[pri:0, instance:d04_02_2022.KupujemProdajem@5ed828d]" name="before" is-config="true" duration-ms="4622" started-at="2022-02-06T23:40:22 CET" finished-at="2022-02-06T23:40:26 CET">
          <reporter-output>
          </reporter-output>
        </test-method> <!-- before -->
        <test-method status="PASS" signature="sortiranje()[pri:0, instance:d04_02_2022.KupujemProdajem@5ed828d]" name="sortiranje" duration-ms="40691" started-at="2022-02-06T23:40:26 CET" finished-at="2022-02-06T23:41:07 CET">
          <reporter-output>
          </reporter-output>
        </test-method> <!-- sortiranje -->
        <test-method status="PASS" signature="after()[pri:0, instance:d04_02_2022.KupujemProdajem@5ed828d]" name="after" is-config="true" duration-ms="1095" started-at="2022-02-06T23:41:07 CET" finished-at="2022-02-06T23:41:08 CET">
          <reporter-output>
          </reporter-output>
        </test-method> <!-- after -->
      </class> <!-- d04_02_2022.KupujemProdajem -->
    </test> <!-- Default test -->
  </suite> <!-- Default suite -->
</testng-results>
